<?xml version="1.0" encoding="UTF-8"?>
<!-- Generated by org.testng.reporters.JUnitXMLReporter -->
<testsuite ignored="0" hostname="Thuvas-MacBook-Air.local" failures="2" tests="3" name="Test" time="259.637" errors="0" timestamp="2024-07-27T01:14:01 IST">
  <testcase classname="testCases.TC003_ClothingItemFromTheGearSectionAndAddThemToTheCartTest" name="validate_that_the_item_has_successfully_been_added_to_the_cart" time="30.868">
    <failure type="java.lang.IllegalArgumentException" message="Driver must be set">
      <![CDATA[java.lang.IllegalArgumentException: Driver must be set
at org.openqa.selenium.internal.Require.nonNull(Require.java:61)
at org.openqa.selenium.interactions.Actions.<init>(Actions.java:59)
at pageObjects.GearPage.hoverItemImage(GearPage.java:26)
at testCases.TC003_ClothingItemFromTheGearSectionAndAddThemToTheCartTest.validate_that_the_item_has_successfully_been_added_to_the_cart(TC003_ClothingItemFromTheGearSectionAndAddThemToTheCartTest.java:23)
at java.base/java.util.ArrayList.forEach(ArrayList.java:1596)
... Removed 25 stack frames]]>
    </failure>
  </testcase> <!-- validate_that_the_item_has_successfully_been_added_to_the_cart -->
  <testcase classname="testCases.TC001_UsersAreAbleToSearchForAnItemUsingTheSearchBarTest" name="validate_that_the_results_returned_matches_the_search_term" time="0.003">
    <failure type="java.lang.Error" message="Unresolved compilation problem: 
	The method assertTrue(String, boolean) in the type AssertJUnit is not applicable for the arguments (boolean, String)
">
      <![CDATA[java.lang.Error: Unresolved compilation problem: 
The method assertTrue(String, boolean) in the type AssertJUnit is not applicable for the arguments (boolean, String)

at testCases.TC001_UsersAreAbleToSearchForAnItemUsingTheSearchBarTest.validate_that_the_results_returned_matches_the_search_term(TC001_UsersAreAbleToSearchForAnItemUsingTheSearchBarTest.java:28)
at java.base/java.util.ArrayList.forEach(ArrayList.java:1596)
... Removed 25 stack frames]]>
    </failure>
  </testcase> <!-- validate_that_the_results_returned_matches_the_search_term -->
  <testcase classname="testCases.TC002_SearchResultsUnderWomensTopsSectionByCategoryAndColorTest" name="validate_that_the_results_returned_matches_the_filter_criteria" time="125.526"/>
</testsuite> <!-- Test -->
